# JRE version: Java(TM) SE Runtime Environment (8.0_121-b13) (build 1.8.0_121-b13)
# Java VM: Java HotSpot(TM) 64-Bit Server VM (25.121-b13 mixed mode windows-amd64 compressed oops)
Heap:
 PSYoungGen      total 230912K, used 166633K [0x00000000eb500000, 0x00000000fa000000, 0x0000000100000000)
  eden space 224256K, 73% used [0x00000000eb500000,0x00000000f565a0e0,0x00000000f9000000)
  from space 6656K, 21% used [0x00000000f9980000,0x00000000f9ae06b0,0x00000000fa000000)
  to   space 8192K, 0% used [0x00000000f9000000,0x00000000f9000000,0x00000000f9800000)
 ParOldGen       total 38912K, used 38369K [0x00000000c1e00000, 0x00000000c4400000, 0x00000000eb500000)
  object space 38912K, 98% used [0x00000000c1e00000,0x00000000c4378720,0x00000000c4400000)
 Metaspace       used 33451K, capacity 35120K, committed 35328K, reserved 1079296K
  class space    used 4344K, capacity 5037K, committed 5120K, reserved 1048576K
GC Heap History (10 events):
Event: 13.120 GC heap before
{Heap before GC invocations=14 (full 1):
 PSYoungGen      total 230912K, used 224736K [0x00000000eb500000, 0x00000000fa000000, 0x0000000100000000)
  eden space 224256K, 100% used [0x00000000eb500000,0x00000000f9000000,0x00000000f9000000)
  from space 6656K, 7% used [0x00000000f9980000,0x00000000f99f8000,0x00000000fa000000)
  to   space 8192K, 0% used [0x00000000f9000000,0x00000000f9000000,0x00000000f9800000)
 ParOldGen       total 32768K, used 19581K [0x00000000c1e00000, 0x00000000c3e00000, 0x00000000eb500000)
  object space 32768K, 59% used [0x00000000c1e00000,0x00000000c311f628,0x00000000c3e00000)
 Metaspace       used 27347K, capacity 28964K, committed 29056K, reserved 1075200K
  class space    used 3477K, capacity 4193K, committed 4224K, reserved 1048576K
Event: 13.122 GC heap after
Heap after GC invocations=14 (full 1):
 PSYoungGen      total 232448K, used 288K [0x00000000eb500000, 0x00000000fa000000, 0x0000000100000000)
  eden space 224256K, 0% used [0x00000000eb500000,0x00000000eb500000,0x00000000f9000000)
  from space 8192K, 3% used [0x00000000f9000000,0x00000000f9048000,0x00000000f9800000)
  to   space 6656K, 0% used [0x00000000f9980000,0x00000000f9980000,0x00000000fa000000)
 ParOldGen       total 32768K, used 19685K [0x00000000c1e00000, 0x00000000c3e00000, 0x00000000eb500000)
  object space 32768K, 60% used [0x00000000c1e00000,0x00000000c3139628,0x00000000c3e00000)
 Metaspace       used 27347K, capacity 28964K, committed 29056K, reserved 1075200K
  class space    used 3477K, capacity 4193K, committed 4224K, reserved 1048576K
}
Event: 13.147 GC heap before
{Heap before GC invocations=15 (full 1):
 PSYoungGen      total 232448K, used 224544K [0x00000000eb500000, 0x00000000fa000000, 0x0000000100000000)
  eden space 224256K, 100% used [0x00000000eb500000,0x00000000f9000000,0x00000000f9000000)
  from space 8192K, 3% used [0x00000000f9000000,0x00000000f9048000,0x00000000f9800000)
  to   space 6656K, 0% used [0x00000000f9980000,0x00000000f9980000,0x00000000fa000000)
 ParOldGen       total 32768K, used 19685K [0x00000000c1e00000, 0x00000000c3e00000, 0x00000000eb500000)
  object space 32768K, 60% used [0x00000000c1e00000,0x00000000c3139628,0x00000000c3e00000)
 Metaspace       used 27347K, capacity 28964K, committed 29056K, reserved 1075200K
  class space    used 3477K, capacity 4193K, committed 4224K, reserved 1048576K
Event: 13.149 GC heap after
Heap after GC invocations=15 (full 1):
 PSYoungGen      total 230912K, used 256K [0x00000000eb500000, 0x00000000fa000000, 0x0000000100000000)
  eden space 224256K, 0% used [0x00000000eb500000,0x00000000eb500000,0x00000000f9000000)
  from space 6656K, 3% used [0x00000000f9980000,0x00000000f99c0000,0x00000000fa000000)
  to   space 8192K, 0% used [0x00000000f9000000,0x00000000f9000000,0x00000000f9800000)
 ParOldGen       total 32768K, used 19701K [0x00000000c1e00000, 0x00000000c3e00000, 0x00000000eb500000)
  object space 32768K, 60% used [0x00000000c1e00000,0x00000000c313d628,0x00000000c3e00000)
 Metaspace       used 27347K, capacity 28964K, committed 29056K, reserved 1075200K
  class space    used 3477K, capacity 4193K, committed 4224K, reserved 1048576K
}
Event: 13.182 GC heap before
{Heap before GC invocations=16 (full 1):
 PSYoungGen      total 230912K, used 224512K [0x00000000eb500000, 0x00000000fa000000, 0x0000000100000000)
  eden space 224256K, 100% used [0x00000000eb500000,0x00000000f9000000,0x00000000f9000000)
  from space 6656K, 3% used [0x00000000f9980000,0x00000000f99c0000,0x00000000fa000000)
  to   space 8192K, 0% used [0x00000000f9000000,0x00000000f9000000,0x00000000f9800000)
 ParOldGen       total 32768K, used 19701K [0x00000000c1e00000, 0x00000000c3e00000, 0x00000000eb500000)
  object space 32768K, 60% used [0x00000000c1e00000,0x00000000c313d628,0x00000000c3e00000)
 Metaspace       used 27348K, capacity 28964K, committed 29056K, reserved 1075200K
  class space    used 3477K, capacity 4193K, committed 4224K, reserved 1048576K
Event: 13.184 GC heap after
Heap after GC invocations=16 (full 1):
 PSYoungGen      total 232448K, used 320K [0x00000000eb500000, 0x00000000fa000000, 0x0000000100000000)
  eden space 224256K, 0% used [0x00000000eb500000,0x00000000eb500000,0x00000000f9000000)
  from space 8192K, 3% used [0x00000000f9000000,0x00000000f9050000,0x00000000f9800000)
  to   space 6656K, 0% used [0x00000000f9980000,0x00000000f9980000,0x00000000fa000000)
 ParOldGen       total 32768K, used 19717K [0x00000000c1e00000, 0x00000000c3e00000, 0x00000000eb500000)
  object space 32768K, 60% used [0x00000000c1e00000,0x00000000c3141628,0x00000000c3e00000)
 Metaspace       used 27348K, capacity 28964K, committed 29056K, reserved 1075200K
  class space    used 3477K, capacity 4193K, committed 4224K, reserved 1048576K
}
Event: 17.357 GC heap before
{Heap before GC invocations=17 (full 1):
 PSYoungGen      total 232448K, used 224576K [0x00000000eb500000, 0x00000000fa000000, 0x0000000100000000)
  eden space 224256K, 100% used [0x00000000eb500000,0x00000000f9000000,0x00000000f9000000)
  from space 8192K, 3% used [0x00000000f9000000,0x00000000f9050000,0x00000000f9800000)
  to   space 6656K, 0% used [0x00000000f9980000,0x00000000f9980000,0x00000000fa000000)
 ParOldGen       total 32768K, used 19717K [0x00000000c1e00000, 0x00000000c3e00000, 0x00000000eb500000)
  object space 32768K, 60% used [0x00000000c1e00000,0x00000000c3141628,0x00000000c3e00000)
 Metaspace       used 33287K, capacity 34992K, committed 35328K, reserved 1079296K
  class space    used 4340K, capacity 5037K, committed 5120K, reserved 1048576K
Event: 17.390 GC heap after
Heap after GC invocations=17 (full 1):
 PSYoungGen      total 230912K, used 6640K [0x00000000eb500000, 0x00000000fa000000, 0x0000000100000000)
  eden space 224256K, 0% used [0x00000000eb500000,0x00000000eb500000,0x00000000f9000000)
  from space 6656K, 99% used [0x00000000f9980000,0x00000000f9ffc190,0x00000000fa000000)
  to   space 8192K, 0% used [0x00000000f9000000,0x00000000f9000000,0x00000000f9800000)
 ParOldGen       total 38912K, used 38484K [0x00000000c1e00000, 0x00000000c4400000, 0x00000000eb500000)
  object space 38912K, 98% used [0x00000000c1e00000,0x00000000c4395048,0x00000000c4400000)
 Metaspace       used 33287K, capacity 34992K, committed 35328K, reserved 1079296K
  class space    used 4340K, capacity 5037K, committed 5120K, reserved 1048576K
}
Event: 17.390 GC heap before
{Heap before GC invocations=18 (full 2):
 PSYoungGen      total 230912K, used 6640K [0x00000000eb500000, 0x00000000fa000000, 0x0000000100000000)
  eden space 224256K, 0% used [0x00000000eb500000,0x00000000eb500000,0x00000000f9000000)
  from space 6656K, 99% used [0x00000000f9980000,0x00000000f9ffc190,0x00000000fa000000)
  to   space 8192K, 0% used [0x00000000f9000000,0x00000000f9000000,0x00000000f9800000)
 ParOldGen       total 38912K, used 38484K [0x00000000c1e00000, 0x00000000c4400000, 0x00000000eb500000)
  object space 38912K, 98% used [0x00000000c1e00000,0x00000000c4395048,0x00000000c4400000)
 Metaspace       used 33287K, capacity 34992K, committed 35328K, reserved 1079296K
  class space    used 4340K, capacity 5037K, committed 5120K, reserved 1048576K
Event: 17.577 GC heap after
Heap after GC invocations=18 (full 2):
 PSYoungGen      total 230912K, used 1409K [0x00000000eb500000, 0x00000000fa000000, 0x0000000100000000)
  eden space 224256K, 0% used [0x00000000eb500000,0x00000000eb500000,0x00000000f9000000)
  from space 6656K, 21% used [0x00000000f9980000,0x00000000f9ae06b0,0x00000000fa000000)
  to   space 8192K, 0% used [0x00000000f9000000,0x00000000f9000000,0x00000000f9800000)
 ParOldGen       total 38912K, used 38369K [0x00000000c1e00000, 0x00000000c4400000, 0x00000000eb500000)
  object space 38912K, 98% used [0x00000000c1e00000,0x00000000c4378720,0x00000000c4400000)
 Metaspace       used 33287K, capacity 34992K, committed 35328K, reserved 1079296K
  class space    used 4340K, capacity 5037K, committed 5120K, reserved 1048576K
}

