# JRE version: Java(TM) SE Runtime Environment (8.0_121-b13) (build 1.8.0_121-b13)
# Java VM: Java HotSpot(TM) 64-Bit Server VM (25.121-b13 mixed mode windows-amd64 compressed oops)
Heap:
 PSYoungGen      total 276992K, used 204920K [0x00000000eb500000, 0x00000000fce00000, 0x0000000100000000)
  eden space 268288K, 76% used [0x00000000eb500000,0x00000000f7cce238,0x00000000fbb00000)
  from space 8704K, 3% used [0x00000000fc380000,0x00000000fc3d0000,0x00000000fcc00000)
  to   space 8704K, 0% used [0x00000000fbb00000,0x00000000fbb00000,0x00000000fc380000)
 ParOldGen       total 31232K, used 18763K [0x00000000c1e00000, 0x00000000c3c80000, 0x00000000eb500000)
  object space 31232K, 60% used [0x00000000c1e00000,0x00000000c3052c78,0x00000000c3c80000)
 Metaspace       used 32994K, capacity 34640K, committed 35072K, reserved 1079296K
  class space    used 4302K, capacity 5005K, committed 5120K, reserved 1048576K
GC Heap History (10 events):
Event: 5.199 GC heap before
{Heap before GC invocations=15 (full 1):
 PSYoungGen      total 136192K, used 128256K [0x00000000eb500000, 0x00000000f7d00000, 0x0000000100000000)
  eden space 128000K, 100% used [0x00000000eb500000,0x00000000f3200000,0x00000000f3200000)
  from space 8192K, 3% used [0x00000000f3200000,0x00000000f3240000,0x00000000f3a00000)
  to   space 8704K, 0% used [0x00000000f7480000,0x00000000f7480000,0x00000000f7d00000)
 ParOldGen       total 31232K, used 18611K [0x00000000c1e00000, 0x00000000c3c80000, 0x00000000eb500000)
  object space 31232K, 59% used [0x00000000c1e00000,0x00000000c302cc78,0x00000000c3c80000)
 Metaspace       used 27328K, capacity 28964K, committed 29056K, reserved 1075200K
  class space    used 3477K, capacity 4193K, committed 4224K, reserved 1048576K
Event: 5.200 GC heap after
Heap after GC invocations=15 (full 1):
 PSYoungGen      total 193024K, used 288K [0x00000000eb500000, 0x00000000f7b80000, 0x0000000100000000)
  eden space 185856K, 0% used [0x00000000eb500000,0x00000000eb500000,0x00000000f6a80000)
  from space 7168K, 4% used [0x00000000f7480000,0x00000000f74c8000,0x00000000f7b80000)
  to   space 8704K, 0% used [0x00000000f6a80000,0x00000000f6a80000,0x00000000f7300000)
 ParOldGen       total 31232K, used 18619K [0x00000000c1e00000, 0x00000000c3c80000, 0x00000000eb500000)
  object space 31232K, 59% used [0x00000000c1e00000,0x00000000c302ec78,0x00000000c3c80000)
 Metaspace       used 27328K, capacity 28964K, committed 29056K, reserved 1075200K
  class space    used 3477K, capacity 4193K, committed 4224K, reserved 1048576K
}
Event: 5.279 GC heap before
{Heap before GC invocations=16 (full 1):
 PSYoungGen      total 193024K, used 186144K [0x00000000eb500000, 0x00000000f7b80000, 0x0000000100000000)
  eden space 185856K, 100% used [0x00000000eb500000,0x00000000f6a80000,0x00000000f6a80000)
  from space 7168K, 4% used [0x00000000f7480000,0x00000000f74c8000,0x00000000f7b80000)
  to   space 8704K, 0% used [0x00000000f6a80000,0x00000000f6a80000,0x00000000f7300000)
 ParOldGen       total 31232K, used 18619K [0x00000000c1e00000, 0x00000000c3c80000, 0x00000000eb500000)
  object space 31232K, 59% used [0x00000000c1e00000,0x00000000c302ec78,0x00000000c3c80000)
 Metaspace       used 27337K, capacity 28964K, committed 29056K, reserved 1075200K
  class space    used 3477K, capacity 4193K, committed 4224K, reserved 1048576K
Event: 5.282 GC heap after
Heap after GC invocations=16 (full 1):
 PSYoungGen      total 194560K, used 384K [0x00000000eb500000, 0x00000000fcc00000, 0x0000000100000000)
  eden space 185856K, 0% used [0x00000000eb500000,0x00000000eb500000,0x00000000f6a80000)
  from space 8704K, 4% used [0x00000000f6a80000,0x00000000f6ae0000,0x00000000f7300000)
  to   space 8704K, 0% used [0x00000000fc380000,0x00000000fc380000,0x00000000fcc00000)
 ParOldGen       total 31232K, used 18635K [0x00000000c1e00000, 0x00000000c3c80000, 0x00000000eb500000)
  object space 31232K, 59% used [0x00000000c1e00000,0x00000000c3032c78,0x00000000c3c80000)
 Metaspace       used 27337K, capacity 28964K, committed 29056K, reserved 1075200K
  class space    used 3477K, capacity 4193K, committed 4224K, reserved 1048576K
}
Event: 5.319 GC heap before
{Heap before GC invocations=17 (full 1):
 PSYoungGen      total 194560K, used 186240K [0x00000000eb500000, 0x00000000fcc00000, 0x0000000100000000)
  eden space 185856K, 100% used [0x00000000eb500000,0x00000000f6a80000,0x00000000f6a80000)
  from space 8704K, 4% used [0x00000000f6a80000,0x00000000f6ae0000,0x00000000f7300000)
  to   space 8704K, 0% used [0x00000000fc380000,0x00000000fc380000,0x00000000fcc00000)
 ParOldGen       total 31232K, used 18635K [0x00000000c1e00000, 0x00000000c3c80000, 0x00000000eb500000)
  object space 31232K, 59% used [0x00000000c1e00000,0x00000000c3032c78,0x00000000c3c80000)
 Metaspace       used 27339K, capacity 28964K, committed 29056K, reserved 1075200K
  class space    used 3477K, capacity 4193K, committed 4224K, reserved 1048576K
Event: 5.321 GC heap after
Heap after GC invocations=17 (full 1):
 PSYoungGen      total 276992K, used 288K [0x00000000eb500000, 0x00000000fce00000, 0x0000000100000000)
  eden space 268288K, 0% used [0x00000000eb500000,0x00000000eb500000,0x00000000fbb00000)
  from space 8704K, 3% used [0x00000000fc380000,0x00000000fc3c8000,0x00000000fcc00000)
  to   space 8704K, 0% used [0x00000000fbb00000,0x00000000fbb00000,0x00000000fc380000)
 ParOldGen       total 31232K, used 18739K [0x00000000c1e00000, 0x00000000c3c80000, 0x00000000eb500000)
  object space 31232K, 59% used [0x00000000c1e00000,0x00000000c304cc78,0x00000000c3c80000)
 Metaspace       used 27339K, capacity 28964K, committed 29056K, reserved 1075200K
  class space    used 3477K, capacity 4193K, committed 4224K, reserved 1048576K
}
Event: 5.350 GC heap before
{Heap before GC invocations=18 (full 1):
 PSYoungGen      total 276992K, used 268576K [0x00000000eb500000, 0x00000000fce00000, 0x0000000100000000)
  eden space 268288K, 100% used [0x00000000eb500000,0x00000000fbb00000,0x00000000fbb00000)
  from space 8704K, 3% used [0x00000000fc380000,0x00000000fc3c8000,0x00000000fcc00000)
  to   space 8704K, 0% used [0x00000000fbb00000,0x00000000fbb00000,0x00000000fc380000)
 ParOldGen       total 31232K, used 18739K [0x00000000c1e00000, 0x00000000c3c80000, 0x00000000eb500000)
  object space 31232K, 59% used [0x00000000c1e00000,0x00000000c304cc78,0x00000000c3c80000)
 Metaspace       used 27339K, capacity 28964K, committed 29056K, reserved 1075200K
  class space    used 3477K, capacity 4193K, committed 4224K, reserved 1048576K
Event: 5.351 GC heap after
Heap after GC invocations=18 (full 1):
 PSYoungGen      total 276992K, used 256K [0x00000000eb500000, 0x00000000fce00000, 0x0000000100000000)
  eden space 268288K, 0% used [0x00000000eb500000,0x00000000eb500000,0x00000000fbb00000)
  from space 8704K, 2% used [0x00000000fbb00000,0x00000000fbb40000,0x00000000fc380000)
  to   space 8704K, 0% used [0x00000000fc380000,0x00000000fc380000,0x00000000fcc00000)
 ParOldGen       total 31232K, used 18755K [0x00000000c1e00000, 0x00000000c3c80000, 0x00000000eb500000)
  object space 31232K, 60% used [0x00000000c1e00000,0x00000000c3050c78,0x00000000c3c80000)
 Metaspace       used 27339K, capacity 28964K, committed 29056K, reserved 1075200K
  class space    used 3477K, capacity 4193K, committed 4224K, reserved 1048576K
}
Event: 5.399 GC heap before
{Heap before GC invocations=19 (full 1):
 PSYoungGen      total 276992K, used 268544K [0x00000000eb500000, 0x00000000fce00000, 0x0000000100000000)
  eden space 268288K, 100% used [0x00000000eb500000,0x00000000fbb00000,0x00000000fbb00000)
  from space 8704K, 2% used [0x00000000fbb00000,0x00000000fbb40000,0x00000000fc380000)
  to   space 8704K, 0% used [0x00000000fc380000,0x00000000fc380000,0x00000000fcc00000)
 ParOldGen       total 31232K, used 18755K [0x00000000c1e00000, 0x00000000c3c80000, 0x00000000eb500000)
  object space 31232K, 60% used [0x00000000c1e00000,0x00000000c3050c78,0x00000000c3c80000)
 Metaspace       used 27339K, capacity 28964K, committed 29056K, reserved 1075200K
  class space    used 3477K, capacity 4193K, committed 4224K, reserved 1048576K
Event: 5.400 GC heap after
Heap after GC invocations=19 (full 1):
 PSYoungGen      total 276992K, used 320K [0x00000000eb500000, 0x00000000fce00000, 0x0000000100000000)
  eden space 268288K, 0% used [0x00000000eb500000,0x00000000eb500000,0x00000000fbb00000)
  from space 8704K, 3% used [0x00000000fc380000,0x00000000fc3d0000,0x00000000fcc00000)
  to   space 8704K, 0% used [0x00000000fbb00000,0x00000000fbb00000,0x00000000fc380000)
 ParOldGen       total 31232K, used 18763K [0x00000000c1e00000, 0x00000000c3c80000, 0x00000000eb500000)
  object space 31232K, 60% used [0x00000000c1e00000,0x00000000c3052c78,0x00000000c3c80000)
 Metaspace       used 27339K, capacity 28964K, committed 29056K, reserved 1075200K
  class space    used 3477K, capacity 4193K, committed 4224K, reserved 1048576K
}

